<?xml version="1.0" encoding="UTF-8"?>
<testng-results ignored="0" total="1" passed="1" failed="0" skipped="0">
  <reporter-output>
  </reporter-output>
  <suite started-at="2025-06-27T16:20:09 IST" name="Surefire suite" finished-at="2025-06-27T16:20:13 IST" duration-ms="4483">
    <groups>
    </groups>
    <test started-at="2025-06-27T16:20:09 IST" name="Surefire test" finished-at="2025-06-27T16:20:13 IST" duration-ms="4483">
      <class name="tests.Operator_ProfileTest">
        <test-method is-config="true" signature="setUp(java.lang.String)[pri:0, instance:tests.Operator_ProfileTest@2ed0fbae]" started-at="2025-06-27T16:20:09 IST" name="setUp" finished-at="2025-06-27T16:20:12 IST" duration-ms="2968" status="PASS">
          <params>
            <param index="0">
              <value>
                <![CDATA[chrome]]>
              </value>
            </param>
          </params>
          <reporter-output>
          </reporter-output>
        </test-method> <!-- setUp -->
        <test-method signature="testProfileDetailsScreen_OP_TC_187()[pri:0, instance:tests.Operator_ProfileTest@2ed0fbae]" started-at="2025-06-27T16:20:12 IST" name="testProfileDetailsScreen_OP_TC_187" finished-at="2025-06-27T16:20:13 IST" duration-ms="1377" status="PASS">
          <reporter-output>
          </reporter-output>
        </test-method> <!-- testProfileDetailsScreen_OP_TC_187 -->
        <test-method is-config="true" signature="tearDown()[pri:0, instance:tests.Operator_ProfileTest@2ed0fbae]" started-at="2025-06-27T16:20:13 IST" name="tearDown" finished-at="2025-06-27T16:20:13 IST" duration-ms="120" status="PASS">
          <reporter-output>
          </reporter-output>
        </test-method> <!-- tearDown -->
      </class> <!-- tests.Operator_ProfileTest -->
    </test> <!-- Surefire test -->
  </suite> <!-- Surefire suite -->
</testng-results>
