<?xml version="1.0" encoding="UTF-8"?>
<testng-results ignored="0" total="1" passed="1" failed="0" skipped="0">
  <reporter-output>
  </reporter-output>
  <suite started-at="2025-07-01T21:18:06 IST" name="Surefire suite" finished-at="2025-07-01T21:19:20 IST" duration-ms="73611">
    <groups>
    </groups>
    <test started-at="2025-07-01T21:18:06 IST" name="Surefire test" finished-at="2025-07-01T21:19:20 IST" duration-ms="73611">
      <class name="tests.DriverRegistrationTest">
        <test-method is-config="true" signature="setUp(java.lang.String)[pri:0, instance:tests.DriverRegistrationTest@55a561cf]" started-at="2025-07-01T21:18:08 IST" name="setUp" finished-at="2025-07-01T21:18:10 IST" duration-ms="1987" status="PASS">
          <params>
            <param index="0">
              <value>
                <![CDATA[chrome]]>
              </value>
            </param>
          </params>
          <reporter-output>
          </reporter-output>
        </test-method> <!-- setUp -->
        <test-method signature="testDriverRegistration(java.util.Map)[pri:0, instance:tests.DriverRegistrationTest@55a561cf]" started-at="2025-07-01T21:18:10 IST" name="testDriverRegistration" data-provider="activeDrivers" finished-at="2025-07-01T21:19:20 IST" duration-ms="69971" status="PASS">
          <params>
            <param index="0">
              <value>
                <![CDATA[{aadhaarFront=1Gp3zh2QykV4A71O6RaHpOOk7GI7Ertch, panNum=FKHPP0736G, DriverOTP=7891, aadhaarNum=205285079778, dlFront=1S9SJs-ZRjYBvyV_0mrRBTsaVsyBZVgYj, aadhaarBack=10LuxFcPwrTr-h9olQu96zItljSQBQpPA, dlNum=KA4420130003007, OperatorMobileNumber=6111111111, panDoc=1VZmg2i1OvdQT0ye3YBMd8k6Z3kX12amq, FlowName=LoginFlow, dob=29051995, OperatorOTP=7891, DriverMobileNumber=8786786718}]]>
              </value>
            </param>
          </params>
          <reporter-output>
          </reporter-output>
        </test-method> <!-- testDriverRegistration -->
        <test-method is-config="true" signature="tearDown()[pri:0, instance:tests.DriverRegistrationTest@55a561cf]" started-at="2025-07-01T21:19:20 IST" name="tearDown" finished-at="2025-07-01T21:19:20 IST" duration-ms="175" status="PASS">
          <reporter-output>
          </reporter-output>
        </test-method> <!-- tearDown -->
      </class> <!-- tests.DriverRegistrationTest -->
    </test> <!-- Surefire test -->
  </suite> <!-- Surefire suite -->
</testng-results>
