<?xml version="1.0" encoding="UTF-8"?>
<testsuite xmlns:xsi="http://www.w3.org/2001/XMLSchema-instance" xsi:noNamespaceSchemaLocation="https://maven.apache.org/surefire/maven-surefire-plugin/xsd/surefire-test-report-3.0.xsd" version="3.0" name="tests.DriverRegistrationTest" time="73.785" tests="1" errors="0" skipped="0" failures="0">
  <properties>
[...]
</properties>
  <testcase name="testDriverRegistration[{aadhaarFront=1Gp3zh2QykV4A71O6RaHpOOk7GI7Ertch, panNum=FKHPP0736G, DriverOTP=7891, aadhaarNum=205285079778, dlFront=1S9SJs-ZRjYBvyV_0mrRBTsaVsyBZVgYj, aadhaarBack=10LuxFcPwrTr-h9olQu96zItljSQBQpPA, dlNum=KA4420130003007, OperatorMobileNumber=6111111111, panDoc=1VZmg2i1OvdQT0ye3YBMd8k6Z3kX12amq, FlowName=LoginFlow, dob=29051995, OperatorOTP=7891, DriverMobileNumber=8786786718}](1)" classname="tests.DriverRegistrationTest" time="69.986">
    <system-out><![CDATA[Refresh button is clicked
]]></system-out>
    <system-err><![CDATA[SLF4J(W): No SLF4J providers were found.
SLF4J(W): Defaulting to no-operation (NOP) logger implementation
SLF4J(W): See https://www.slf4j.org/codes.html#noProviders for further details.
]]></system-err>
  </testcase>
</testsuite>